<?xml version="1.0" encoding="UTF-8" ?><testsuite errors="0" name="jasmine.specs" tests="7" failures="0" skipped="0" hostname="localhost" time="0.0" timestamp="2013-04-23T13:34:34"><testcase classname="jasmine" name="Conjunto de test que prueban las funciones de Localizacion Las funciones existen" time="0.0" failure="false"/><testcase classname="jasmine" name="Conjunto de test que prueban las funciones de Localizacion La funcion setLanguage Nos devuelve en-US, si la localizacion del navegador es en-US" time="0.0" failure="false"/><testcase classname="jasmine" name="Conjunto de test que prueban las funciones de Localizacion La funcion setLanguage Nos devuelve en, si la localizacion del navegador no la soporta la aplicacion" time="0.0" failure="false"/><testcase classname="jasmine" name="Comprobacion de que las librerias se hayan cargado correctamente Ember se ha cargado" time="0.0" failure="false"/><testcase classname="jasmine" name="Comprobacion de que las librerias se hayan cargado correctamente jQuery se ha cargado" time="0.0" failure="false"/><testcase classname="jasmine" name="Comprobacion de que las librerias se hayan cargado correctamente Handlebars se ha cargado" time="0.0" failure="false"/><testcase classname="jasmine" name="Comprobacion de que las librerias se hayan cargado correctamente Require se ha cargado" time="0.0" failure="false"/></testsuite>