<?xml version="1.0" encoding="UTF-8" ?><testsuite errors="0" name="jasmine.specs" tests="16" failures="0" skipped="0" hostname="localhost" time="0.0" timestamp="2013-04-24T14:40:58"><testcase classname="jasmine" name="Conjunto de test que prueban las funciones de Localizacion Las funciones existen" time="0.0" failure="false"/><testcase classname="jasmine" name="Conjunto de test que prueban las funciones de Localizacion La funcion setLanguage Nos devuelve en-US, si la localizacion del navegador es en-US" time="0.0" failure="false"/><testcase classname="jasmine" name="Conjunto de test que prueban las funciones de Localizacion La funcion setLanguage Nos devuelve en, si la localizacion del navegador no la soporta la aplicacion" time="0.0" failure="false"/><testcase classname="jasmine" name="Conjunto de test que prueban las funciones de Localizacion La funcion load options carga correctamente el lenguaje en funcion de la opcion guardada en la cookie Comprobamos que en caso de no existir ningun idioma seleccionado en la cookie llama a la funcion guessLanguage" time="0.0" failure="false"/><testcase classname="jasmine" name="Conjunto de test que prueban las funciones de Localizacion La funcion load options carga correctamente el lenguaje en funcion de la opcion guardada en la cookie Comprobamos que hace require al fichero del idioma español, si en la cookie el locSelected es 'es' " time="0.0" failure="false"/><testcase classname="jasmine" name="Comprobacion de que las librerias se hayan cargado correctamente Ember se ha cargado" time="0.0" failure="false"/><testcase classname="jasmine" name="Comprobacion de que las librerias se hayan cargado correctamente jQuery se ha cargado" time="0.0" failure="false"/><testcase classname="jasmine" name="Comprobacion de que las librerias se hayan cargado correctamente Handlebars se ha cargado" time="0.0" failure="false"/><testcase classname="jasmine" name="Comprobacion de que las librerias se hayan cargado correctamente Require se ha cargado" time="0.0" failure="false"/><testcase classname="jasmine" name="Conjunto de test que prueban el manejo de estados del stateManager El stateManager carga correctamente" time="0.0" failure="false"/><testcase classname="jasmine" name="Conjunto de test que prueban la funcionalidad del  loginController  LoginController está definido " time="0.0" failure="false"/><testcase classname="jasmine" name="Conjunto de test que prueban la funcionalidad del  loginController  La funcion attempLogin cambia el estado, si la validacion es correcta" time="0.0" failure="false"/><testcase classname="jasmine" name="Conjunto de test que prueban la funcionalidad del  loginController  La funcion de attemptLogin en caso incorrecto no llama a la funcion que cambia el estado" time="0.0" failure="false"/><testcase classname="jasmine" name="Conjunto de test que prueban la funcionalidad del  loginController  La funcion de attemptLogin en caso incorrecto cambia las variable de error" time="0.0" failure="false"/><testcase classname="jasmine" name="Conjunto de test que prueban la funcionalidad del  loginController  La funcion de attemptLogin en caso incorrecto el tipo de error  es errorMismatch" time="0.0" failure="false"/><testcase classname="jasmine" name="Conjunto de test que prueban la funcionalidad del  loginController  La funcion de attemptLogin en caso incorrecto si los campos estan vacios que el error sea de tipo errorEmpty" time="0.0" failure="false"/></testsuite>